{
  "RSpec": {
    "coverage": {
      "/SIGS-MES/spec/controllers/administrative_assistants_controller_spec.rb": [
        1,
        1,
        null,
        1,
        null,
        1,
        null,
        1,
        4,
        4,
        4,
        4,
        4,
        null,
        null,
        1,
        null,
        1,
        1,
        null,
        null,
        1,
        1,
        1,
        null,
        null,
        1,
        1,
        1,
        null,
        null,
        1,
        1,
        1,
        null,
        null,
        null
      ],
      "/SIGS-MES/spec/rails_helper.rb": [
        null,
        1,
        1,
        null,
        1,
        1,
        1,
        null,
        null,
        null,
        null,
        null,
        null,
        null,
        null,
        null,
        null,
        null,
        null,
        null,
        null,
        null,
        null,
        null,
        null,
        null,
        1,
        null,
        1,
        null,
        1,
        null,
        null,
        null,
        null,
        1,
        null,
        null,
        null,
        null,
        null,
        null,
        null,
        null,
        null,
        null,
        null,
        null,
        null,
        null,
        1,
        null,
        null,
        1,
        null,
        null,
        null
      ],
      "/SIGS-MES/config/environment.rb": [
        null,
        1,
        null,
        null,
        1
      ],
      "/SIGS-MES/config/application.rb": [
        1,
        null,
        1,
        null,
        null,
        null,
        1,
        null,
        1,
        1,
        null,
        null,
        null,
        null,
        1,
        1,
        1,
        null,
        null,
        1,
        null,
        null,
        null
      ],
      "/SIGS-MES/config/boot.rb": [
        1,
        null,
        1
      ],
      "/SIGS-MES/config/environments/test.rb": [
        1,
        null,
        null,
        null,
        null,
        null,
        null,
        1,
        null,
        null,
        null,
        null,
        1,
        null,
        null,
        1,
        1,
        null,
        null,
        null,
        null,
        1,
        1,
        null,
        null,
        1,
        null,
        null,
        1,
        1,
        null,
        null,
        null,
        null,
        1,
        null,
        null,
        1,
        null,
        null,
        null,
        null
      ],
      "/SIGS-MES/config/initializers/application_controller_renderer.rb": [
        null,
        null,
        null,
        null,
        null,
        null
      ],
      "/SIGS-MES/config/initializers/assets.rb": [
        null,
        null,
        null,
        1,
        null,
        null,
        null,
        null,
        null,
        null,
        null
      ],
      "/SIGS-MES/config/initializers/backtrace_silencers.rb": [
        null,
        null,
        null,
        null,
        null,
        null,
        null
      ],
      "/SIGS-MES/config/initializers/cookies_serializer.rb": [
        null,
        null,
        null,
        null,
        1
      ],
      "/SIGS-MES/config/initializers/filter_parameter_logging.rb": [
        null,
        null,
        null,
        1
      ],
      "/SIGS-MES/config/initializers/inflections.rb": [
        null,
        null,
        null,
        null,
        null,
        null,
        null,
        null,
        null,
        null,
        null,
        null,
        null,
        null,
        null,
        null
      ],
      "/SIGS-MES/config/initializers/mime_types.rb": [
        null,
        1,
        null,
        null
      ],
      "/SIGS-MES/config/initializers/new_framework_defaults.rb": [
        null,
        null,
        null,
        null,
        null,
        null,
        null,
        1,
        null,
        null,
        1,
        null,
        null,
        null,
        1,
        null,
        null,
        1,
        null,
        null,
        1,
        null,
        null,
        1
      ],
      "/SIGS-MES/config/initializers/session_store.rb": [
        null,
        null,
        1
      ],
      "/SIGS-MES/config/initializers/wrap_parameters.rb": [
        null,
        null,
        null,
        null,
        null,
        null,
        1,
        2,
        null,
        null,
        null,
        null,
        null,
        null
      ],
      "/SIGS-MES/config/routes.rb": [
        1,
        null,
        1,
        null,
        null,
        1,
        1,
        1,
        1,
        1,
        1,
        null,
        null,
        1,
        1,
        1,
        null,
        null,
        1,
        1,
        1,
        1,
        1,
        1,
        1,
        null,
        null,
        null,
        null,
        null,
        null,
        1,
        1,
        1,
        1,
        null,
        null,
        1,
        1,
        1,
        1,
        1,
        1,
        1,
        1,
        null,
        null,
        1,
        null,
        null,
        1,
        1,
        1,
        1,
        1,
        1,
        1,
        1,
        null,
        null,
        1,
        1,
        1,
        1,
        1,
        1,
        null,
        null,
        null,
        1,
        1,
        1,
        null,
        null,
        1,
        1,
        1,
        1,
        1,
        null,
        null,
        1,
        1,
        1,
        1,
        null,
        null,
        1,
        1,
        1,
        null,
        null,
        1,
        1,
        1,
        null,
        null,
        1,
        1,
        1,
        1,
        1,
        1,
        1,
        null,
        null,
        1,
        1,
        null,
        null,
        1,
        null,
        null,
        1,
        1,
        1,
        1,
        1,
        1,
        1,
        1,
        1,
        1,
        null,
        null,
        1,
        1,
        1,
        1,
        1,
        1,
        1,
        null,
        null,
        1,
        1,
        1,
        1,
        1,
        1,
        1,
        1,
        null,
        null,
        null,
        null
      ],
      "/SIGS-MES/app/helpers/administrative_assistant_helper.rb": [
        null,
        null,
        null,
        1,
        null
      ],
      "/SIGS-MES/app/helpers/allocation_helper.rb": [
        null,
        null,
        null,
        1,
        null
      ],
      "/SIGS-MES/app/helpers/allocation_extensions_helper.rb": [
        null,
        null,
        null,
        1,
        null
      ],
      "/SIGS-MES/app/helpers/api/apis_helper.rb": [
        null,
        null,
        null,
        1,
        null,
        1,
        null,
        null
      ],
      "/SIGS-MES/app/helpers/api_users_helper.rb": [
        null,
        null,
        null,
        1,
        null
      ],
      "/SIGS-MES/app/helpers/application_helper.rb": [
        null,
        null,
        null,
        1,
        1,
        1,
        1,
        4,
        null,
        1,
        null,
        null
      ],
      "/SIGS-MES/app/helpers/categories_helper.rb": [
        null,
        null,
        null,
        1,
        1,
        1,
        null,
        null
      ],
      "/SIGS-MES/app/helpers/coordinator_helper.rb": [
        null,
        null,
        null,
        1,
        1,
        1,
        1,
        1,
        1,
        1,
        null,
        null
      ],
      "/SIGS-MES/app/helpers/courses_helper.rb": [
        null,
        null,
        null,
        1,
        1,
        null,
        1,
        1,
        null,
        1,
        1,
        null,
        null,
        null
      ],
      "/SIGS-MES/app/helpers/sessions_helper.rb": [
        null,
        null,
        null,
        1,
        1,
        185,
        null,
        null,
        1,
        312,
        null,
        null,
        1,
        139,
        139,
        6,
        133,
        95,
        38,
        38,
        null,
        null,
        null,
        1,
        155,
        2,
        2,
        null,
        null,
        1,
        19,
        19,
        2,
        null,
        17,
        null,
        null,
        null,
        1,
        52,
        1,
        1,
        null,
        null,
        1,
        17,
        1,
        1,
        null,
        null,
        1,
        44,
        3,
        3,
        null,
        null,
        1,
        4,
        4,
        4,
        null,
        null
      ],
      "/SIGS-MES/app/helpers/extensions_helper.rb": [
        null,
        null,
        null,
        1,
        null
      ],
      "/SIGS-MES/app/helpers/parsers_helper.rb": [
        null,
        null,
        null,
        1,
        null
      ],
      "/SIGS-MES/app/helpers/periods_helper.rb": [
        null,
        null,
        null,
        1,
        null
      ],
      "/SIGS-MES/app/helpers/reports_helper.rb": [
        null,
        null,
        null,
        1,
        null
      ],
      "/SIGS-MES/app/helpers/reports_disciplines_helper.rb": [
        null,
        null,
        null,
        1,
        null
      ],
      "/SIGS-MES/app/helpers/rooms_helper.rb": [
        null,
        null,
        null,
        1,
        1,
        7,
        0,
        null,
        null,
        1,
        7,
        1,
        null,
        null,
        1,
        7,
        1,
        null,
        null,
        1,
        7,
        1,
        null,
        null,
        1,
        7,
        1,
        null,
        null,
        1,
        7,
        1,
        null,
        null
      ],
      "/SIGS-MES/app/helpers/school_rooms_helper.rb": [
        null,
        null,
        null,
        1,
        1,
        3,
        null,
        null,
        1,
        1,
        null,
        null,
        1,
        1,
        null,
        null,
        1,
        1,
        null,
        null,
        1,
        1,
        null,
        null,
        1,
        1,
        null,
        null,
        1,
        1,
        null,
        null,
        1,
        1,
        null,
        null,
        1,
        4,
        4,
        4,
        null,
        null,
        1,
        0,
        null,
        null,
        1,
        0,
        0,
        0,
        0,
        0,
        null,
        0,
        null,
        null,
        0,
        null,
        null
      ],
      "/SIGS-MES/app/helpers/user_helper.rb": [
        null,
        null,
        null,
        1,
        null
      ],
      "/SIGS-MES/app/controllers/administrative_assistants_controller.rb": [
        null,
        null,
        null,
        1,
        1,
        1,
        null,
        1,
        1,
        null,
        null,
        1,
        1,
        1,
        1,
        null,
        1,
        null,
        null,
        1,
        1,
        1,
        1,
        1,
        null,
        1,
        null,
        null,
        1,
        1,
        1,
        1,
        1,
        null,
        null
      ],
      "/SIGS-MES/app/controllers/application_controller.rb": [
        1,
        1,
        1,
        1,
        1,
        1,
        1,
        null,
        1,
        17,
        22,
        null,
        null,
        null
      ],
      "/SIGS-MES/spec/controllers/allocations_controller_spec.rb": [
        1,
        null,
        1,
        1,
        1,
        17,
        17,
        17,
        17,
        17,
        17,
        17,
        null,
        17,
        null,
        17,
        17,
        17,
        17,
        17,
        17,
        17,
        17,
        17,
        null,
        null,
        null,
        1,
        1,
        1,
        null,
        null,
        1,
        1,
        1,
        1,
        null,
        null,
        1,
        1,
        1,
        1,
        null,
        null,
        null,
        null,
        1,
        1,
        1,
        null,
        null,
        null,
        null,
        null,
        null,
        null,
        1,
        1,
        null,
        null,
        null,
        1,
        1,
        1,
        null,
        null,
        null,
        null,
        null,
        null,
        null,
        null,
        1,
        1,
        null,
        null,
        1,
        1,
        1,
        1,
        null,
        null,
        null,
        null,
        null,
        null,
        null,
        1,
        1,
        null,
        null,
        null,
        1,
        1,
        1,
        1,
        null,
        null,
        null,
        null,
        null,
        null,
        null,
        1,
        1,
        null,
        null,
        1,
        null,
        1,
        1,
        1,
        null,
        null,
        null,
        null,
        null,
        null,
        null,
        1,
        1,
        null,
        null,
        1,
        1,
        1,
        1,
        null,
        null,
        null,
        null,
        null,
        null,
        null,
        1,
        1,
        null,
        null,
        1,
        1,
        1,
        null,
        null,
        null,
        null,
        null,
        null,
        null,
        null,
        1,
        1,
        null,
        null,
        1,
        1,
        1,
        1,
        1,
        null,
        null,
        1,
        1,
        1,
        1,
        1,
        130,
        1,
        1,
        null,
        1,
        null,
        null,
        null,
        null,
        null,
        null,
        null,
        null,
        1,
        1,
        null,
        null,
        1,
        1,
        1,
        null,
        null,
        null,
        null,
        null,
        null,
        null,
        1,
        null,
        null,
        null,
        null,
        1,
        1,
        1,
        1,
        1,
        null,
        null,
        1,
        1,
        1,
        1,
        1,
        1,
        null,
        null,
        null,
        1,
        1,
        1,
        null,
        null,
        null,
        null,
        null,
        null,
        null,
        1,
        1,
        1,
        null,
        null,
        1,
        1,
        1,
        null,
        null,
        null,
        null,
        null,
        null,
        null,
        1,
        1,
        1,
        1,
        null,
        null,
        null
      ],
      "/SIGS-MES/app/controllers/allocations_controller.rb": [
        null,
        null,
        null,
        null,
        1,
        1,
        1,
        null,
        1,
        1,
        1,
        84,
        null,
        1,
        1,
        null,
        null,
        1,
        11,
        11,
        56,
        null,
        11,
        11,
        null,
        null,
        1,
        2,
        2,
        2,
        2,
        1,
        null,
        null,
        null,
        1,
        56,
        56,
        56,
        null,
        56,
        51,
        51,
        null,
        5,
        null,
        null,
        null,
        null,
        null,
        null,
        1,
        1,
        1,
        1,
        1,
        1,
        null,
        null,
        1,
        1,
        1,
        null,
        null,
        1,
        1,
        1,
        null,
        null,
        1,
        1,
        null,
        1,
        1,
        18,
        null,
        1,
        null,
        null,
        1,
        null,
        1,
        11,
        66,
        66,
        1122,
        67,
        56,
        56,
        56,
        56,
        11,
        1,
        null,
        10,
        null,
        null,
        null,
        11,
        null,
        null,
        1,
        51,
        51,
        51,
        6528,
        6528,
        null,
        6528,
        39168,
        774,
        774,
        774,
        null,
        6528,
        null,
        null,
        null,
        null,
        1,
        56,
        null,
        null,
        null,
        null,
        null,
        null,
        null,
        1,
        18,
        18,
        108,
        108,
        null,
        108,
        null,
        18,
        null,
        null,
        1,
        108,
        108,
        106,
        null,
        2,
        2,
        2,
        2,
        2,
        null,
        2,
        null,
        null,
        108,
        null,
        null,
        1,
        108,
        108,
        108,
        108,
        108,
        108,
        108,
        108,
        null,
        null,
        null,
        null,
        null,
        null
      ],
      "/SIGS-MES/spec/controllers/api/api_school_rooms_controller_spec.rb": [
        null,
        null,
        null,
        null,
        null,
        null,
        null,
        null,
        null,
        null,
        null,
        null,
        null
      ],
      "/SIGS-MES/spec/controllers/api/apis_controller_spec.rb": [
        1,
        1,
        null,
        1,
        1,
        1,
        12,
        12,
        12,
        12,
        12,
        12,
        12,
        12,
        12,
        12,
        12,
        12,
        12,
        12,
        12,
        12,
        12,
        12,
        12,
        null,
        null,
        1,
        1,
        1,
        1,
        null,
        null,
        1,
        1,
        1,
        1,
        null,
        null,
        1,
        1,
        1,
        null,
        null,
        1,
        1,
        1,
        1,
        null,
        null,
        1,
        1,
        1,
        null,
        null,
        1,
        1,
        1,
        1,
        1,
        null,
        null,
        1,
        1,
        1,
        1,
        null,
        null,
        1,
        1,
        1,
        1,
        1,
        null,
        null,
        1,
        1,
        1,
        1,
        null,
        null,
        1,
        1,
        1,
        null,
        null,
        1,
        1,
        1,
        1,
        null,
        null,
        1,
        1,
        1,
        null,
        null,
        null,
        null
      ],
      "/SIGS-MES/app/controllers/api/apis_controller.rb": [
        null,
        null,
        null,
        1,
        1,
        null,
        1,
        1,
        null,
        1,
        null,
        1,
        1,
        1,
        null,
        null,
        1,
        1,
        1,
        1,
        1,
        1,
        null,
        null,
        1,
        2,
        2,
        2,
        null,
        null,
        1,
        2,
        2,
        1,
        1,
        null,
        1,
        null,
        null,
        null,
        1,
        2,
        2,
        1,
        null,
        1,
        null,
        1,
        null,
        null,
        null,
        1,
        2,
        2,
        2,
        null,
        null,
        1,
        null,
        1,
        1,
        1,
        1,
        null,
        null,
        null,
        null,
        null,
        null,
        null,
        null,
        null,
        null,
        null,
        null,
        null,
        1,
        null,
        null,
        1,
        12,
        12,
        12,
        12,
        12,
        10,
        null,
        null,
        null,
        null,
        null,
        null,
        null,
        null
      ],
      "/SIGS-MES/app/controllers/api/aux_apis.rb": [
        null,
        null,
        null,
        1,
        1,
        2,
        2,
        2,
        null,
        null,
        null,
        null,
        null,
        null,
        null,
        null,
        2,
        null,
        null,
        1,
        1,
        1,
        1,
        null,
        null,
        null,
        null,
        null,
        null,
        null,
        null,
        null,
        null,
        null,
        null,
        null,
        1,
        null,
        null,
        1,
        1,
        1,
        1,
        null,
        null,
        null,
        null,
        null,
        null,
        null,
        null,
        null,
        null,
        null,
        1,
        null,
        null,
        1,
        2,
        2,
        2,
        2,
        null,
        null,
        null,
        null,
        null,
        null,
        null,
        null,
        2,
        null,
        2,
        null,
        null
      ],
      "/SIGS-MES/spec/controllers/api_users_controller_spec.rb": [
        1,
        null,
        1,
        null,
        1,
        1,
        4,
        4,
        4,
        null,
        null,
        null,
        1,
        1,
        1,
        null,
        null,
        1,
        1,
        1,
        1,
        null,
        null,
        1,
        1,
        1,
        null,
        null,
        1,
        1,
        1,
        1,
        null,
        null,
        null,
        1,
        1,
        2,
        2,
        2,
        2,
        null,
        null,
        1,
        1,
        1,
        null,
        null,
        1,
        1,
        1,
        null,
        null,
        null,
        1,
        1,
        3,
        null,
        3,
        3,
        3,
        null,
        null,
        1,
        1,
        1,
        null,
        null,
        null,
        1,
        1,
        1,
        1,
        null,
        null,
        1,
        1,
        null,
        1,
        null,
        null,
        null,
        1,
        1,
        2,
        null,
        null,
        2,
        2,
        null,
        null,
        2,
        2,
        null,
        null,
        null,
        null,
        1,
        1,
        1,
        1,
        1,
        null,
        null,
        1,
        1,
        1,
        1,
        1,
        null,
        null,
        null
      ],
      "/SIGS-MES/app/controllers/api_users_controller.rb": [
        null,
        null,
        null,
        1,
        1,
        null,
        1,
        1,
        null,
        null,
        1,
        1,
        null,
        null,
        1,
        3,
        3,
        3,
        3,
        1,
        1,
        1,
        null,
        2,
        2,
        null,
        null,
        null,
        1,
        1,
        null,
        null,
        1,
        2,
        2,
        2,
        null,
        null,
        null,
        1,
        null,
        null,
        1,
        1,
        null,
        null,
        null,
        1,
        1,
        null,
        null,
        1,
        2,
        2,
        1,
        1,
        null,
        null,
        null,
        1,
        null,
        null,
        null,
        null,
        1,
        null,
        1,
        2,
        null,
        null,
        1,
        12,
        null,
        null,
        1,
        45,
        5,
        5,
        5,
        5,
        null,
        null
      ],
      "/SIGS-MES/spec/controllers/categories_controller_spec.rb": [
        1,
        null,
        1,
        null,
        1,
        null,
        1,
        10,
        null,
        10,
        null,
        10,
        10,
        null,
        null,
        null,
        1,
        1,
        1,
        1,
        null,
        null,
        1,
        1,
        1,
        1,
        null,
        null,
        1,
        1,
        1,
        null,
        null,
        1,
        1,
        1,
        1,
        null,
        null,
        null,
        1,
        1,
        1,
        1,
        1,
        1,
        null,
        null,
        1,
        1,
        1,
        1,
        null,
        null,
        null,
        null,
        1,
        1,
        1,
        1,
        1,
        null,
        null,
        1,
        1,
        1,
        1,
        1,
        1,
        1,
        1,
        null,
        null,
        null,
        1,
        1,
        1,
        1,
        1,
        1,
        1,
        1,
        1,
        null,
        null,
        null,
        1,
        1,
        1,
        1,
        1,
        1,
        null,
        null,
        null,
        null
      ],
      "/SIGS-MES/app/controllers/categories_controller.rb": [
        null,
        null,
        null,
        1,
        1,
        1,
        null,
        1,
        2,
        null,
        null,
        1,
        2,
        2,
        1,
        null,
        1,
        null,
        null,
        2,
        null,
        null,
        1,
        1,
        null,
        null,
        1,
        1,
        null,
        null,
        1,
        1,
        1,
        1,
        1,
        null,
        null,
        1,
        3,
        null,
        null,
        1,
        1,
        1,
        1,
        1,
        null,
        null
      ],
      "/SIGS-MES/spec/controllers/courses_controller_spec.rb": [
        1,
        null,
        1,
        null,
        1,
        1,
        1,
        1,
        null,
        null,
        null,
        null
      ],
      "/SIGS-MES/app/controllers/courses_controller.rb": [
        null,
        null,
        null,
        1,
        null
      ],
      "/SIGS-MES/spec/controllers/periods_controller_spec.rb": [
        1,
        null,
        1,
        1,
        1,
        4,
        null,
        4,
        4,
        4,
        null,
        null,
        1,
        1,
        1,
        null,
        null,
        1,
        1,
        1,
        null,
        null,
        1,
        1,
        1,
        null,
        null,
        1,
        1,
        1,
        null,
        null,
        null
      ],
      "/SIGS-MES/app/controllers/periods_controller.rb": [
        null,
        null,
        null,
        1,
        1,
        1,
        null,
        1,
        1,
        null,
        null,
        1,
        1,
        null,
        null,
        1,
        2,
        2,
        1,
        1,
        null,
        1,
        1,
        null,
        null,
        null,
        1,
        null,
        1,
        2,
        null,
        null
      ],
      "/SIGS-MES/spec/controllers/report_controller_spec.rb": [
        1,
        1,
        null,
        1,
        1,
        1,
        15,
        15,
        15,
        15,
        null,
        15,
        15,
        15,
        15,
        15,
        15,
        15,
        15,
        null,
        15,
        15,
        null,
        15,
        15,
        null,
        15,
        15,
        null,
        15,
        null,
        null,
        1,
        1,
        1,
        null,
        null,
        1,
        1,
        1,
        null,
        null,
        1,
        1,
        1,
        null,
        null,
        1,
        1,
        null,
        null,
        null,
        1,
        null,
        null,
        1,
        1,
        null,
        null,
        1,
        null,
        null,
        1,
        1,
        null,
        null,
        null,
        null,
        1,
        null,
        1,
        null,
        null,
        1,
        1,
        null,
        null,
        null,
        1,
        null,
        1,
        1,
        null,
        null,
        1,
        1,
        1,
        null,
        null,
        1,
        1,
        1,
        1,
        null,
        null,
        1,
        1,
        1,
        null,
        null,
        1,
        1,
        1,
        1,
        null,
        null,
        1,
        1,
        1,
        1,
        null,
        null,
        1,
        1,
        1,
        1,
        null,
        null,
        1,
        1,
        1,
        1,
        1,
        null,
        null,
        1,
        1,
        1,
        1,
        null,
        null,
        null
      ],
      "/SIGS-MES/app/controllers/reports_controller.rb": [
        null,
        null,
        1,
        1,
        null,
        null,
        1,
        1,
        1,
        null,
        1,
        1,
        1,
        null,
        null,
        1,
        7,
        2,
        null,
        5,
        5,
        null,
        null,
        null,
        1,
        2,
        2,
        2,
        1,
        1,
        2,
        2,
        2,
        2,
        2,
        null,
        null,
        1,
        null,
        1,
        null,
        null,
        null,
        1,
        4,
        4,
        2,
        2,
        null,
        2,
        2,
        2,
        4,
        4,
        4,
        null,
        null,
        null,
        4,
        null,
        null,
        1,
        1,
        1,
        1,
        null,
        null,
        1,
        1,
        1,
        1,
        null,
        1,
        null,
        null,
        1,
        null,
        1,
        2,
        4,
        null,
        null,
        null,
        null,
        null,
        1,
        1,
        1,
        1,
        null,
        null
      ],
      "/SIGS-MES/spec/controllers/reports_disciplines_controller_spec.rb": [
        1,
        null,
        1,
        1,
        7,
        7,
        7,
        7,
        null,
        7,
        7,
        7,
        7,
        7,
        7,
        7,
        null,
        7,
        7,
        7,
        7,
        7,
        null,
        7,
        7,
        7,
        null,
        7,
        null,
        null,
        1,
        1,
        1,
        null,
        null,
        1,
        1,
        1,
        1,
        null,
        null,
        1,
        1,
        1,
        1,
        null,
        null,
        1,
        1,
        1,
        1,
        null,
        null,
        1,
        1,
        1,
        1,
        null,
        null,
        1,
        1,
        1,
        1,
        null,
        null,
        1,
        1,
        1,
        1,
        null,
        null
      ],
      "/SIGS-MES/app/controllers/reports_disciplines_controller.rb": [
        null,
        null,
        null,
        1,
        1,
        null,
        1,
        4,
        null,
        4,
        2,
        null,
        2,
        null,
        null,
        null,
        1,
        3,
        3,
        null,
        3,
        null,
        3,
        3,
        3,
        3,
        null,
        3,
        3,
        3,
        3,
        3,
        3,
        3,
        3,
        null,
        3,
        null,
        null,
        1,
        null,
        1,
        3,
        3,
        null,
        null,
        1,
        1,
        null,
        null,
        2,
        3,
        3,
        null,
        null,
        null,
        null,
        1,
        3,
        2,
        null,
        1,
        null,
        1,
        1,
        null,
        1,
        null,
        null,
        1,
        null,
        null,
        null,
        1,
        1,
        null,
        null,
        null,
        null,
        1,
        1,
        null,
        null,
        1,
        null,
        null,
        1,
        null,
        null,
        null,
        2,
        2,
        null,
        2,
        null,
        null
      ],
      "/SIGS-MES/spec/controllers/reports_school_rooms_controller_spec.rb": [
        1,
        1,
        null,
        1,
        1,
        1,
        3,
        3,
        3,
        3,
        null,
        3,
        3,
        3,
        3,
        3,
        3,
        3,
        null,
        3,
        3,
        null,
        3,
        3,
        null,
        3,
        3,
        null,
        3,
        null,
        null,
        1,
        1,
        1,
        1,
        null,
        null,
        1,
        1,
        1,
        1,
        null,
        null,
        1,
        1,
        1,
        1,
        null,
        null,
        null
      ],
      "/SIGS-MES/app/controllers/reports_school_rooms_controller.rb": [
        null,
        null,
        null,
        1,
        1,
        null,
        1,
        2,
        null,
        2,
        null,
        null,
        null,
        null,
        1,
        1,
        1,
        null,
        null,
        1,
        2,
        null,
        null
      ],
      "/SIGS-MES/spec/controllers/rooms_controller_spec.rb": [
        1,
        null,
        1,
        null,
        1,
        1,
        21,
        null,
        21,
        null,
        21,
        null,
        21,
        null,
        21,
        null,
        21,
        null,
        21,
        null,
        null,
        21,
        null,
        null,
        21,
        null,
        null,
        21,
        null,
        null,
        21,
        null,
        null,
        21,
        null,
        21,
        null,
        21,
        null,
        21,
        null,
        21,
        null,
        21,
        null,
        null,
        1,
        1,
        1,
        1,
        null,
        null,
        1,
        1,
        1,
        1,
        null,
        null,
        1,
        1,
        1,
        1,
        null,
        null,
        1,
        1,
        1,
        1,
        null,
        null,
        1,
        1,
        1,
        1,
        null,
        null,
        1,
        1,
        1,
        null,
        1,
        null,
        null,
        1,
        1,
        1,
        1,
        null,
        1,
        1,
        1,
        null,
        1,
        1,
        null,
        null,
        1,
        1,
        1,
        1,
        null,
        null,
        1,
        1,
        1,
        1,
        null,
        null,
        1,
        1,
        1,
        1,
        null,
        null,
        1,
        1,
        1,
        1,
        null,
        null,
        1,
        1,
        1,
        1,
        1,
        null,
        null,
        1,
        1,
        1,
        1,
        1,
        null,
        null,
        1,
        1,
        1,
        1,
        1,
        null,
        null,
        1,
        1,
        1,
        1,
        null,
        null,
        1,
        1,
        1,
        1,
        null,
        null,
        1,
        1,
        1,
        1,
        null,
        null,
        1,
        1,
        1,
        1,
        null,
        null,
        1,
        1,
        1,
        1,
        null,
        null,
        1,
        1,
        1,
        1,
        null,
        null,
        null
      ],
      "/SIGS-MES/app/controllers/rooms_controller.rb": [
        null,
        null,
        null,
        1,
        1,
        1,
        null,
        1,
        7,
        7,
        null,
        7,
        7,
        7,
        7,
        7,
        7,
        7,
        7,
        7,
        null,
        null,
        1,
        7,
        null,
        null,
        1,
        null,
        null,
        null,
        1,
        1,
        null,
        null,
        1,
        7,
        7,
        1,
        1,
        null,
        6,
        6,
        null,
        null,
        null,
        1,
        3,
        3,
        3,
        null,
        2,
        2,
        null,
        1,
        null,
        3,
        null,
        null,
        1,
        1,
        null,
        null,
        1,
        1,
        1,
        1,
        1,
        1,
        null,
        null,
        null,
        null,
        1,
        null,
        null,
        1,
        null,
        1,
        2,
        2,
        2,
        null,
        null,
        1,
        2,
        2,
        2,
        null,
        null,
        1,
        7,
        null,
        null,
        null,
        null,
        null,
        null,
        null,
        null,
        null,
        null,
        null,
        null
      ],
      "/SIGS-MES/spec/controllers/school_rooms_controller_spec.rb": [
        1,
        1,
        1,
        1,
        null,
        1,
        1,
        1,
        19,
        null,
        19,
        null,
        19,
        19,
        19,
        19,
        19,
        19,
        19,
        19,
        19,
        19,
        19,
        19,
        19,
        19,
        19,
        null,
        null,
        1,
        1,
        1,
        null,
        null,
        1,
        1,
        1,
        1,
        1,
        1,
        null,
        null,
        1,
        1,
        1,
        null,
        null,
        1,
        1,
        1,
        null,
        null,
        1,
        1,
        1,
        null,
        null,
        1,
        1,
        1,
        1,
        null,
        null,
        1,
        1,
        1,
        null,
        null,
        1,
        1,
        1,
        1,
        null,
        null,
        1,
        1,
        1,
        null,
        null,
        1,
        1,
        1,
        null,
        null,
        1,
        1,
        1,
        null,
        null,
        1,
        1,
        1,
        null,
        null,
        1,
        1,
        1,
        null,
        null,
        1,
        1,
        1,
        1,
        null,
        null,
        1,
        1,
        1,
        1,
        null,
        null,
        1,
        1,
        1,
        1,
        null,
        null,
        1,
        1,
        1,
        1,
        1,
        null,
        null,
        1,
        1,
        1,
        1,
        null,
        null,
        1,
        1,
        1,
        1,
        null,
        null,
        null
      ],
      "/SIGS-MES/app/controllers/school_rooms_controller.rb": [
        null,
        null,
        null,
        1,
        1,
        1,
        null,
        1,
        1,
        1,
        null,
        null,
        1,
        8,
        8,
        8,
        8,
        2,
        null,
        6,
        6,
        null,
        null,
        null,
        1,
        1,
        1,
        null,
        null,
        1,
        2,
        1,
        null,
        null,
        1,
        null,
        null,
        null,
        null,
        1,
        null,
        2,
        null,
        null,
        null,
        null,
        1,
        2,
        2,
        null,
        null,
        2,
        1,
        null,
        1,
        1,
        null,
        null,
        null,
        1,
        1,
        1,
        1,
        1,
        null,
        null,
        1,
        3,
        3,
        3,
        1,
        1,
        null,
        2,
        2,
        null,
        null,
        null,
        1,
        2,
        2,
        2,
        null,
        1,
        1,
        null,
        1,
        null,
        2,
        null,
        null,
        1,
        null,
        1,
        8,
        null,
        null,
        null,
        null,
        null,
        null,
        null,
        null,
        1,
        3,
        null,
        null,
        null,
        null,
        null,
        null,
        null
      ],
      "/SIGS-MES/spec/controllers/sessions_controller_spec.rb": [
        1,
        null,
        1,
        null,
        1,
        null,
        1,
        7,
        7,
        null,
        null,
        1,
        1,
        1,
        1,
        null,
        null,
        1,
        1,
        1,
        1,
        null,
        null,
        1,
        1,
        1,
        null,
        null,
        1,
        1,
        1,
        null,
        null,
        1,
        1,
        1,
        null,
        null,
        1,
        1,
        1,
        1,
        1,
        1,
        null,
        1,
        1,
        1,
        1,
        null,
        null,
        null,
        null
      ],
      "/SIGS-MES/app/controllers/sessions_controller.rb": [
        null,
        null,
        null,
        1,
        1,
        2,
        1,
        null,
        1,
        null,
        null,
        null,
        1,
        6,
        6,
        4,
        null,
        2,
        2,
        null,
        null,
        null,
        1,
        1,
        1,
        null,
        null,
        1,
        4,
        3,
        3,
        null,
        1,
        1,
        null,
        null,
        null
      ],
      "/SIGS-MES/spec/controllers/solicitations_controller_spec.rb": [
        1,
        null,
        1,
        1,
        1,
        2,
        null,
        2,
        null,
        2,
        2,
        2,
        2,
        2,
        2,
        2,
        2,
        null,
        null,
        1,
        1,
        1,
        1,
        null,
        null,
        1,
        1,
        1,
        1,
        null,
        null,
        null,
        1,
        1,
        10,
        null,
        10,
        null,
        10,
        null,
        10,
        10,
        10,
        10,
        10,
        10,
        10,
        10,
        10,
        10,
        10,
        10,
        null,
        null,
        1,
        1,
        1,
        null,
        null,
        1,
        1,
        1,
        null,
        null,
        1,
        1,
        1,
        null,
        null,
        1,
        1,
        1,
        null,
        null,
        1,
        1,
        1,
        null,
        null,
        1,
        1,
        1,
        null,
        null,
        1,
        1,
        1,
        1,
        null,
        null,
        1,
        1,
        1,
        1,
        null,
        null,
        1,
        1,
        1,
        1,
        1,
        null,
        null,
        1,
        1,
        1,
        1,
        1,
        null,
        null,
        null,
        1,
        1,
        12,
        null,
        12,
        null,
        12,
        null,
        12,
        12,
        12,
        12,
        12,
        12,
        12,
        12,
        12,
        12,
        12,
        12,
        12,
        12,
        12,
        null,
        12,
        null,
        12,
        null,
        null,
        1,
        1,
        1,
        null,
        null,
        1,
        1,
        null,
        null,
        null,
        1,
        null,
        null,
        1,
        1,
        1,
        null,
        null,
        1,
        1,
        1,
        null,
        null,
        1,
        1,
        null,
        null,
        1,
        null,
        null,
        1,
        1,
        null,
        null,
        1,
        null,
        null,
        1,
        1,
        null,
        1,
        null,
        null,
        1,
        1,
        null,
        null,
        1,
        null,
        null,
        1,
        1,
        1,
        null,
        null,
        1,
        null,
        null,
        1,
        1,
        1,
        null,
        null,
        1,
        null,
        null,
        1,
        1,
        null,
        null,
        1,
        null,
        null,
        1,
        1,
        null,
        null,
        null,
        null,
        null,
        null,
        1,
        1,
        2,
        2,
        2,
        2,
        2,
        2,
        2,
        2,
        2,
        null,
        null,
        null,
        null,
        null,
        2,
        2,
        2,
        2,
        2,
        2,
        2,
        2,
        2,
        null,
        null,
        1,
        1,
        1,
        1,
        1,
        1,
        1,
        1,
        null,
        null,
        1,
        1,
        1,
        1,
        1,
        1,
        1,
        1,
        null,
        null,
        null,
        1,
        1,
        5,
        5,
        5,
        5,
        5,
        5,
        5,
        5,
        5,
        null,
        null,
        null,
        null,
        null,
        5,
        5,
        5,
        5,
        5,
        5,
        5,
        5,
        5,
        5,
        null,
        null,
        1,
        1,
        1,
        null,
        null,
        1,
        1,
        1,
        null,
        null,
        1,
        1,
        1,
        1,
        null,
        null,
        1,
        1,
        1,
        1,
        null,
        null,
        1,
        1,
        1,
        1,
        null,
        null,
        null
      ],
      "/SIGS-MES/app/controllers/solicitations_controller.rb": [
        null,
        null,
        null,
        null,
        1,
        1,
        1,
        1,
        1,
        1,
        null,
        null,
        null,
        null,
        1,
        2,
        2,
        null,
        2,
        2,
        null,
        null,
        1,
        3,
        null,
        3,
        3,
        null,
        3,
        null,
        null,
        1,
        5,
        null,
        null,
        1,
        6,
        null,
        6,
        6,
        1,
        1,
        null,
        5,
        null,
        null,
        null,
        1,
        2,
        null,
        null,
        1,
        4,
        null,
        4,
        4,
        2,
        null,
        null,
        null,
        null,
        2,
        1,
        null,
        null,
        null,
        null,
        null,
        null,
        1,
        0,
        null,
        null,
        1,
        2,
        null,
        null,
        1,
        3,
        3,
        1,
        1,
        null,
        2,
        null,
        null,
        null,
        1,
        2,
        2,
        2,
        2,
        2,
        null,
        2,
        null,
        null,
        null,
        null,
        2,
        2,
        2,
        null,
        2,
        null,
        null,
        1,
        null,
        1,
        2,
        1,
        null,
        1,
        null,
        null,
        null,
        1,
        2,
        1,
        null,
        1,
        null,
        null,
        null,
        1,
        2,
        2,
        2,
        2,
        null,
        null,
        1,
        2,
        2,
        2,
        256,
        256,
        null,
        256,
        1536,
        36,
        36,
        36,
        null,
        256,
        null,
        2,
        null,
        null,
        1,
        2,
        null,
        null,
        null,
        null,
        null,
        1,
        2,
        2,
        null,
        2,
        null,
        2,
        null,
        null,
        1,
        2,
        2,
        2,
        1,
        null,
        2,
        null,
        null,
        1,
        5,
        null,
        null,
        1,
        11,
        null,
        null,
        1,
        10,
        2,
        2,
        8,
        4,
        4,
        null,
        4,
        4,
        null,
        null,
        null,
        1,
        10,
        8,
        8,
        8,
        8,
        8,
        8,
        8,
        null,
        8,
        null,
        8,
        8,
        null,
        null,
        null,
        10,
        null,
        null,
        1,
        11,
        11,
        null,
        null,
        null,
        null,
        1,
        8,
        null,
        8,
        9,
        9,
        null,
        8,
        1,
        7,
        6,
        null,
        1,
        null,
        null,
        null,
        1,
        5,
        5,
        5,
        5,
        5,
        5,
        5,
        null,
        5,
        null,
        5,
        5,
        3,
        3,
        null,
        null,
        null,
        1,
        2,
        2,
        2,
        2,
        2,
        1,
        1,
        1,
        1,
        1,
        null,
        null,
        2,
        2,
        2,
        null,
        null,
        null
      ],
      "/SIGS-MES/app/controllers/schedule.rb": [
        null,
        null,
        null,
        1,
        1,
        3,
        null,
        null,
        1,
        3,
        null,
        null,
        1,
        3,
        3,
        3,
        null,
        null,
        1,
        2,
        2,
        2,
        null,
        null,
        1,
        2,
        2,
        2,
        2,
        1,
        1,
        null,
        null,
        2,
        null,
        null,
        1,
        2,
        2,
        2,
        null,
        null,
        2,
        null,
        null,
        1,
        2,
        2,
        null,
        1,
        null,
        null,
        1,
        2,
        null,
        2,
        4,
        4,
        4,
        null,
        2,
        null,
        null
      ],
      "/SIGS-MES/app/controllers/prepare_solicitations_to_save.rb": [
        null,
        null,
        null,
        1,
        1,
        12,
        12,
        12,
        72,
        72,
        null,
        12,
        null,
        null,
        1,
        72,
        72,
        72,
        1368,
        380,
        10,
        null,
        null,
        10,
        10,
        370,
        4,
        null,
        366,
        null,
        null,
        72,
        null,
        null
      ],
      "/SIGS-MES/spec/controllers/users_controller_spec.rb": [
        1,
        1,
        null,
        1,
        null,
        1,
        null,
        1,
        1,
        1,
        null,
        null,
        1,
        1,
        null,
        1,
        1,
        null,
        null,
        1,
        1,
        null,
        1,
        null,
        null,
        1,
        1,
        null,
        1,
        null,
        null,
        1,
        1,
        null,
        1,
        null,
        null,
        1,
        1,
        null,
        1,
        null,
        null,
        1,
        1,
        null,
        1,
        null,
        null,
        1,
        1,
        1,
        1,
        null,
        1,
        1,
        null,
        null,
        1,
        1,
        null,
        1,
        1,
        null,
        null,
        1,
        1,
        null,
        1,
        1,
        null,
        null,
        null,
        1,
        null,
        1,
        2,
        null,
        2,
        null,
        2,
        null,
        null,
        1,
        1,
        1,
        1,
        null,
        null,
        1,
        1,
        1,
        1,
        null,
        null,
        null,
        null,
        1,
        null,
        1,
        5,
        null,
        5,
        5,
        5,
        5,
        5,
        null,
        5,
        5,
        5,
        5,
        5,
        5,
        5,
        5,
        5,
        null,
        null,
        1,
        1,
        1,
        1,
        null,
        null,
        1,
        1,
        1,
        1,
        null,
        null,
        1,
        1,
        1,
        1,
        null,
        null,
        1,
        1,
        1,
        1,
        null,
        null,
        1,
        1,
        1,
        1,
        null,
        null,
        null,
        null,
        null,
        null,
        null,
        1,
        null,
        1,
        4,
        null,
        4,
        4,
        4,
        4,
        null,
        4,
        null,
        null,
        1,
        1,
        1,
        1,
        1,
        null,
        null,
        1,
        1,
        1,
        1,
        1,
        null,
        null,
        1,
        1,
        null,
        1,
        1,
        1,
        1,
        1,
        null,
        null,
        1,
        1,
        1,
        1,
        1,
        null,
        null,
        null,
        1,
        null,
        1,
        2,
        null,
        null,
        null,
        1,
        1,
        1,
        null,
        1,
        null,
        null,
        1,
        1,
        1,
        1,
        1,
        null,
        null,
        null
      ],
      "/SIGS-MES/app/controllers/users_controller.rb": [
        null,
        null,
        null,
        1,
        1,
        1,
        null,
        1,
        1,
        1,
        1,
        1,
        null,
        null,
        1,
        3,
        3,
        3,
        3,
        3,
        3,
        null,
        null,
        null,
        3,
        1,
        null,
        null,
        1,
        2,
        2,
        1,
        null,
        null,
        1,
        9,
        9,
        4,
        1,
        3,
        1,
        null,
        4,
        4,
        null,
        5,
        5,
        5,
        5,
        null,
        null,
        null,
        1,
        2,
        2,
        1,
        null,
        null,
        1,
        2,
        2,
        1,
        1,
        null,
        1,
        1,
        null,
        null,
        null,
        1,
        4,
        4,
        3,
        null,
        1,
        1,
        null,
        2,
        2,
        2,
        null,
        null,
        1,
        1,
        null,
        null,
        null,
        1,
        null,
        1,
        11,
        1,
        null,
        null,
        null,
        10,
        null,
        null,
        null,
        null,
        1,
        3,
        null,
        null
      ],
      "/SIGS-MES/lib/modules/user_module.rb": [
        null,
        1,
        7,
        5,
        5,
        5,
        6,
        null,
        5,
        null,
        2,
        null,
        null,
        null,
        1,
        4,
        4,
        4,
        1,
        null,
        4,
        11,
        1,
        null,
        null,
        4,
        null
      ],
      "/SIGS-MES/spec/helpers/application_helper_spec.rb": [
        1,
        1,
        null,
        1,
        null,
        1,
        1,
        1,
        1,
        null,
        null,
        null
      ],
      "/SIGS-MES/spec/helpers/categories_helper_spec.rb": [
        1,
        null,
        1,
        1,
        1,
        null,
        1,
        null,
        1,
        1,
        1,
        1,
        null,
        null,
        null
      ],
      "/SIGS-MES/spec/helpers/coordinator_helper_spec.rb": [
        1,
        null,
        1,
        null,
        1,
        null,
        1,
        1,
        1,
        1,
        1,
        1,
        null,
        null,
        1,
        1,
        1,
        null,
        null,
        null
      ],
      "/SIGS-MES/spec/helpers/courses_helper_spec.rb": [
        1,
        null,
        null,
        null,
        null,
        null,
        null,
        null,
        null,
        null,
        null,
        null,
        1,
        null,
        1,
        null,
        1,
        1,
        1,
        1,
        1,
        null,
        null,
        1,
        1,
        1,
        1,
        1,
        null,
        null,
        null
      ],
      "/SIGS-MES/spec/helpers/school_room_helper_spec.rb": [
        1,
        null,
        1,
        null,
        1,
        null,
        1,
        6,
        6,
        6,
        6,
        6,
        6,
        null,
        null,
        1,
        1,
        null,
        null,
        1,
        1,
        null,
        null,
        1,
        1,
        null,
        null,
        1,
        1,
        null,
        null,
        1,
        1,
        null,
        null,
        1,
        1,
        null,
        null,
        null
      ],
      "/SIGS-MES/spec/helpers/sessions_helper_spec.rb": [
        1,
        null,
        1,
        null,
        1,
        null,
        1,
        4,
        4,
        4,
        4,
        4,
        4,
        null,
        null,
        1,
        1,
        1,
        null,
        null,
        1,
        1,
        1,
        1,
        null,
        null,
        1,
        1,
        1,
        1,
        1,
        1,
        null,
        null,
        1,
        1,
        1,
        1,
        1,
        1,
        1,
        1,
        null,
        null,
        null,
        null,
        null
      ],
      "/SIGS-MES/spec/mailers/api_user_spec.rb": [
        1,
        null,
        1,
        null,
        null
      ],
      "/SIGS-MES/app/mailers/api_user_mailer.rb": [
        null,
        null,
        null,
        1,
        1,
        1,
        1,
        1,
        null,
        null
      ],
      "/SIGS-MES/app/mailers/application_mailer.rb": [
        null,
        null,
        null,
        1,
        1,
        1,
        null
      ],
      "/SIGS-MES/app/models/user.rb": [
        null,
        null,
        null,
        1,
        1,
        1,
        1,
        1,
        1,
        1,
        null,
        1,
        1,
        1,
        1,
        null,
        1,
        null,
        null,
        1,
        1,
        null,
        1,
        null,
        null,
        null,
        null,
        null,
        1,
        1,
        1,
        1,
        null,
        1,
        null,
        null,
        null,
        null,
        1,
        null,
        1,
        null,
        null,
        null,
        null,
        1,
        1,
        1,
        1,
        null,
        1,
        null,
        null,
        null,
        null,
        1,
        1,
        1,
        1,
        null,
        1,
        null,
        null,
        null,
        null
      ],
      "/SIGS-MES/app/models/application_record.rb": [
        null,
        null,
        null,
        1,
        1,
        null
      ],
      "/SIGS-MES/app/models/administrative_assistant.rb": [
        null,
        null,
        null,
        1,
        1,
        null
      ],
      "/SIGS-MES/app/models/deg.rb": [
        null,
        null,
        null,
        1,
        1,
        null
      ],
      "/SIGS-MES/app/models/coordinator.rb": [
        null,
        null,
        null,
        1,
        1,
        1,
        null
      ],
      "/SIGS-MES/app/models/api_user.rb": [
        null,
        null,
        null,
        1,
        1,
        null,
        null,
        1,
        null,
        1,
        null,
        null,
        1,
        null,
        null,
        null,
        null,
        null,
        null,
        1,
        1,
        1,
        1,
        null,
        1,
        null,
        null,
        1,
        null,
        null,
        null,
        null,
        null
      ],
      "/SIGS-MES/app/models/department.rb": [
        null,
        null,
        null,
        1,
        1,
        1,
        1,
        1,
        1,
        null
      ],
      "/SIGS-MES/app/models/discipline.rb": [
        null,
        null,
        null,
        1,
        1,
        1,
        1,
        null
      ],
      "/SIGS-MES/app/models/course.rb": [
        null,
        null,
        null,
        1,
        1,
        1,
        1,
        1,
        null
      ],
      "/SIGS-MES/app/models/building.rb": [
        null,
        null,
        null,
        1,
        1,
        1,
        null,
        null,
        null,
        null,
        1,
        null,
        null,
        null,
        null,
        1,
        2,
        null,
        null,
        1,
        null,
        1,
        130,
        null,
        null
      ],
      "/SIGS-MES/app/models/category.rb": [
        null,
        null,
        null,
        1,
        1,
        1,
        null,
        1,
        1,
        null,
        1,
        null,
        null
      ],
      "/SIGS-MES/app/models/room.rb": [
        null,
        null,
        null,
        1,
        1,
        1,
        1,
        1,
        1,
        null,
        null,
        1,
        null,
        null,
        null,
        null,
        1,
        null,
        1,
        null,
        null,
        1,
        null,
        null,
        null,
        null,
        null,
        1,
        1,
        null,
        1,
        null,
        null,
        null,
        1,
        null,
        null,
        null,
        1,
        null
      ],
      "/SIGS-MES/app/models/school_room.rb": [
        null,
        null,
        null,
        1,
        1,
        1,
        1,
        1,
        1,
        null,
        1,
        null,
        null,
        null,
        null,
        1,
        1,
        1,
        1,
        null,
        1,
        null,
        null,
        1,
        null,
        null,
        null,
        1,
        null,
        1,
        309,
        309,
        308,
        null,
        308,
        374,
        1,
        1,
        null,
        null,
        null,
        309,
        null,
        1,
        null
      ],
      "/SIGS-MES/app/models/period.rb": [
        null,
        null,
        null,
        1,
        1,
        null,
        1,
        null,
        1,
        143,
        1,
        null,
        null
      ],
      "/SIGS-MES/app/models/allocation.rb": [
        null,
        null,
        null,
        1,
        1,
        1,
        1,
        1,
        1,
        null,
        1,
        null,
        1,
        null,
        1,
        null,
        1,
        null,
        null,
        1,
        null,
        1,
        376,
        376,
        376,
        376,
        null,
        376,
        5,
        null,
        371,
        null,
        null,
        1,
        188,
        188,
        188,
        188,
        null,
        null,
        1,
        188,
        null,
        null,
        1,
        188,
        null,
        null,
        1,
        5,
        5,
        5,
        5,
        0,
        null,
        null
      ],
      "/SIGS-MES/app/models/all_allocation_date.rb": [
        null,
        null,
        null,
        1,
        1,
        1,
        null
      ],
      "/SIGS-MES/app/controllers/table_room.rb": [
        null,
        null,
        null,
        1,
        1,
        8,
        8,
        null,
        8,
        144,
        null,
        8,
        8,
        8,
        null,
        null,
        null,
        null,
        1,
        144,
        144,
        864,
        864,
        864,
        null,
        144,
        null,
        null,
        1,
        864,
        854,
        null,
        859,
        null,
        5,
        5,
        5,
        null,
        null,
        5,
        null,
        null,
        null,
        null
      ],
      "/SIGS-MES/app/models/allocation_extension.rb": [
        null,
        null,
        null,
        1,
        1,
        1,
        1,
        1,
        null
      ],
      "/SIGS-MES/app/models/room_solicitation.rb": [
        null,
        null,
        null,
        1,
        1,
        1,
        1,
        1,
        null,
        null,
        1,
        1,
        1,
        null,
        1,
        null,
        1,
        30,
        30,
        30,
        null,
        null,
        1,
        30,
        30,
        null,
        null,
        1,
        30,
        12,
        12,
        6,
        null,
        12,
        null,
        null,
        1,
        6,
        null,
        null,
        1,
        12,
        12,
        12,
        null,
        null
      ],
      "/SIGS-MES/app/models/solicitation.rb": [
        null,
        null,
        null,
        1,
        1,
        1,
        1,
        null,
        null,
        1,
        1,
        1,
        1,
        null,
        1,
        null,
        1,
        24,
        null,
        24,
        2,
        null,
        null
      ]
    },
    "timestamp": 1538091855
  }
}
